INFO:websockets.server:server listening on 127.0.0.1:8765
INFO:websockets.server:server listening on [::1]:8765
INFO:websockets.server:connection open
INFO:root:TIMESTAMP: 2022-07-26 23:54:53.793861 TIPO DE MENSAGEM: REQUEST NUMERO DO PROCESSO: 1
INFO:root:TIMESTAMP: 2022-07-26 23:54:53.793861 TIPO DE MENSAGEM: GRANT NUMERO DO PROCESSO: 1
INFO:websockets.server:connection open
INFO:root:TIMESTAMP: 2022-07-26 23:54:53.796861 TIPO DE MENSAGEM: REQUEST NUMERO DO PROCESSO: 2
INFO:websockets.server:connection open
INFO:root:TIMESTAMP: 2022-07-26 23:54:53.800861 TIPO DE MENSAGEM: REQUEST NUMERO DO PROCESSO: 3
INFO:root:TIMESTAMP: 2022-07-26 23:54:56.809917 TIPO DE MENSAGEM: RELEASE NUMERO DO PROCESSO: 1
INFO:root:TIMESTAMP: 2022-07-26 23:54:56.809917 TIPO DE MENSAGEM: GRANT NUMERO DO PROCESSO: 2
INFO:root:TIMESTAMP: 2022-07-26 23:54:56.810893 TIPO DE MENSAGEM: REQUEST NUMERO DO PROCESSO: 1
INFO:root:TIMESTAMP: 2022-07-26 23:54:59.811372 TIPO DE MENSAGEM: RELEASE NUMERO DO PROCESSO: 2
INFO:root:TIMESTAMP: 2022-07-26 23:54:59.811372 TIPO DE MENSAGEM: GRANT NUMERO DO PROCESSO: 3
INFO:root:TIMESTAMP: 2022-07-26 23:54:59.812373 TIPO DE MENSAGEM: REQUEST NUMERO DO PROCESSO: 2
INFO:root:TIMESTAMP: 2022-07-26 23:55:02.813399 TIPO DE MENSAGEM: RELEASE NUMERO DO PROCESSO: 3
INFO:root:TIMESTAMP: 2022-07-26 23:55:02.813399 TIPO DE MENSAGEM: GRANT NUMERO DO PROCESSO: 1
INFO:root:TIMESTAMP: 2022-07-26 23:55:02.814373 TIPO DE MENSAGEM: REQUEST NUMERO DO PROCESSO: 3
INFO:root:TIMESTAMP: 2022-07-26 23:55:05.824593 TIPO DE MENSAGEM: RELEASE NUMERO DO PROCESSO: 1
INFO:root:TIMESTAMP: 2022-07-26 23:55:05.824593 TIPO DE MENSAGEM: GRANT NUMERO DO PROCESSO: 2
INFO:root:TIMESTAMP: 2022-07-26 23:55:05.824593 TIPO DE MENSAGEM: REQUEST NUMERO DO PROCESSO: 1
INFO:root:TIMESTAMP: 2022-07-26 23:55:08.838624 TIPO DE MENSAGEM: RELEASE NUMERO DO PROCESSO: 2
INFO:root:TIMESTAMP: 2022-07-26 23:55:08.838624 TIPO DE MENSAGEM: GRANT NUMERO DO PROCESSO: 3
INFO:root:TIMESTAMP: 2022-07-26 23:55:08.838624 TIPO DE MENSAGEM: REQUEST NUMERO DO PROCESSO: 2
INFO:root:TIMESTAMP: 2022-07-26 23:55:11.853545 TIPO DE MENSAGEM: RELEASE NUMERO DO PROCESSO: 3
INFO:root:TIMESTAMP: 2022-07-26 23:55:11.853545 TIPO DE MENSAGEM: GRANT NUMERO DO PROCESSO: 1
INFO:root:TIMESTAMP: 2022-07-26 23:55:11.854545 TIPO DE MENSAGEM: REQUEST NUMERO DO PROCESSO: 3
INFO:root:TIMESTAMP: 2022-07-26 23:55:14.860055 TIPO DE MENSAGEM: RELEASE NUMERO DO PROCESSO: 1
INFO:root:TIMESTAMP: 2022-07-26 23:55:14.860055 TIPO DE MENSAGEM: GRANT NUMERO DO PROCESSO: 2
INFO:root:TIMESTAMP: 2022-07-26 23:55:14.861057 TIPO DE MENSAGEM: REQUEST NUMERO DO PROCESSO: 1
INFO:root:TIMESTAMP: 2022-07-26 23:55:17.870080 TIPO DE MENSAGEM: RELEASE NUMERO DO PROCESSO: 2
INFO:root:TIMESTAMP: 2022-07-26 23:55:17.870080 TIPO DE MENSAGEM: GRANT NUMERO DO PROCESSO: 3
INFO:root:TIMESTAMP: 2022-07-26 23:55:17.871056 TIPO DE MENSAGEM: REQUEST NUMERO DO PROCESSO: 2
INFO:root:TIMESTAMP: 2022-07-26 23:55:20.871063 TIPO DE MENSAGEM: RELEASE NUMERO DO PROCESSO: 3
INFO:root:TIMESTAMP: 2022-07-26 23:55:20.871063 TIPO DE MENSAGEM: GRANT NUMERO DO PROCESSO: 1
INFO:root:TIMESTAMP: 2022-07-26 23:55:20.872063 TIPO DE MENSAGEM: REQUEST NUMERO DO PROCESSO: 3
INFO:root:TIMESTAMP: 2022-07-26 23:55:23.882216 TIPO DE MENSAGEM: RELEASE NUMERO DO PROCESSO: 1
INFO:root:TIMESTAMP: 2022-07-26 23:55:23.882216 TIPO DE MENSAGEM: GRANT NUMERO DO PROCESSO: 2
INFO:root:TIMESTAMP: 2022-07-26 23:55:23.882216 TIPO DE MENSAGEM: REQUEST NUMERO DO PROCESSO: 1
INFO:root:TIMESTAMP: 2022-07-26 23:55:26.893395 TIPO DE MENSAGEM: RELEASE NUMERO DO PROCESSO: 2
INFO:root:TIMESTAMP: 2022-07-26 23:55:26.893395 TIPO DE MENSAGEM: GRANT NUMERO DO PROCESSO: 3
INFO:root:TIMESTAMP: 2022-07-26 23:55:26.893395 TIPO DE MENSAGEM: REQUEST NUMERO DO PROCESSO: 2
INFO:root:TIMESTAMP: 2022-07-26 23:55:29.909559 TIPO DE MENSAGEM: RELEASE NUMERO DO PROCESSO: 3
INFO:root:TIMESTAMP: 2022-07-26 23:55:29.909559 TIPO DE MENSAGEM: GRANT NUMERO DO PROCESSO: 1
INFO:root:TIMESTAMP: 2022-07-26 23:55:29.909559 TIPO DE MENSAGEM: REQUEST NUMERO DO PROCESSO: 3
